<?xml version="1.0" encoding="UTF-8"?>
<!-- Generated by org.testng.reporters.JUnitReportReporter -->
<testsuite hostname="Mohammeds-MacBook-Pro.local" failures="0" tests="1" name="test.LoginTest" time="13.561" errors="0" timestamp="2022-10-24T20:50:58 EDT" skipped="0">
  <testcase classname="test.LoginTest" name="validUserShouldBeAbleToLogin" time="13.561"/>
  <system-out/>
</testsuite> <!-- test.LoginTest -->
