<?xml version="1.0" encoding="UTF-8"?>
<!-- Generated by org.testng.reporters.JUnitReportReporter -->
<testsuite hostname="Mohammeds-MacBook-Pro.local" failures="0" tests="1" name="test.AddCustomerTest" time="19.055" errors="0" timestamp="2022-10-24T20:54:22 EDT" skipped="0">
  <testcase classname="test.AddCustomerTest" name="userShouldBeAbleToCreateCustomer" time="19.055"/>
  <system-out/>
</testsuite> <!-- test.AddCustomerTest -->
